Performing C SOURCE FILE Test CMAKE_HAVE_LIBC_PTHREAD failed with the following output:
Change Dir: /home/guojiawei/cv/cv2/cv/after/myslam/build/CMakeFiles/CMakeTmp

Run Build Command(s):/usr/bin/make -f Makefile cmTC_6fde3/fast && /usr/bin/make  -f CMakeFiles/cmTC_6fde3.dir/build.make CMakeFiles/cmTC_6fde3.dir/build
make[1]: 进入目录“/home/guojiawei/cv/cv2/cv/after/myslam/build/CMakeFiles/CMakeTmp”
Building C object CMakeFiles/cmTC_6fde3.dir/src.c.o
/usr/bin/gcc -DCMAKE_HAVE_LIBC_PTHREAD   -o CMakeFiles/cmTC_6fde3.dir/src.c.o -c /home/guojiawei/cv/cv2/cv/after/myslam/build/CMakeFiles/CMakeTmp/src.c
Linking C executable cmTC_6fde3
/usr/local/bin/cmake -E cmake_link_script CMakeFiles/cmTC_6fde3.dir/link.txt --verbose=1
/usr/bin/gcc CMakeFiles/cmTC_6fde3.dir/src.c.o -o cmTC_6fde3 
CMakeFiles/cmTC_6fde3.dir/src.c.o：在函数‘main’中：
src.c:(.text+0x3e)：对‘pthread_create’未定义的引用
src.c:(.text+0x4a)：对‘pthread_detach’未定义的引用
src.c:(.text+0x56)：对‘pthread_cancel’未定义的引用
src.c:(.text+0x67)：对‘pthread_join’未定义的引用
src.c:(.text+0x7b)：对‘pthread_atfork’未定义的引用
collect2: error: ld returned 1 exit status
CMakeFiles/cmTC_6fde3.dir/build.make:98: recipe for target 'cmTC_6fde3' failed
make[1]: *** [cmTC_6fde3] Error 1
make[1]: 离开目录“/home/guojiawei/cv/cv2/cv/after/myslam/build/CMakeFiles/CMakeTmp”
Makefile:127: recipe for target 'cmTC_6fde3/fast' failed
make: *** [cmTC_6fde3/fast] Error 2


Source file was:
#include <pthread.h>

static void* test_func(void* data)
{
  return data;
}

int main(void)
{
  pthread_t thread;
  pthread_create(&thread, NULL, test_func, NULL);
  pthread_detach(thread);
  pthread_cancel(thread);
  pthread_join(thread, NULL);
  pthread_atfork(NULL, NULL, NULL);
  pthread_exit(NULL);

  return 0;
}

Determining if the function pthread_create exists in the pthreads failed with the following output:
Change Dir: /home/guojiawei/cv/cv2/cv/after/myslam/build/CMakeFiles/CMakeTmp

Run Build Command(s):/usr/bin/make -f Makefile cmTC_4534f/fast && /usr/bin/make  -f CMakeFiles/cmTC_4534f.dir/build.make CMakeFiles/cmTC_4534f.dir/build
make[1]: 进入目录“/home/guojiawei/cv/cv2/cv/after/myslam/build/CMakeFiles/CMakeTmp”
Building C object CMakeFiles/cmTC_4534f.dir/CheckFunctionExists.c.o
/usr/bin/gcc   -DCHECK_FUNCTION_EXISTS=pthread_create -o CMakeFiles/cmTC_4534f.dir/CheckFunctionExists.c.o -c /usr/local/share/cmake-3.23/Modules/CheckFunctionExists.c
Linking C executable cmTC_4534f
/usr/local/bin/cmake -E cmake_link_script CMakeFiles/cmTC_4534f.dir/link.txt --verbose=1
/usr/bin/gcc  -DCHECK_FUNCTION_EXISTS=pthread_create CMakeFiles/cmTC_4534f.dir/CheckFunctionExists.c.o -o cmTC_4534f  -lpthreads 
/usr/bin/ld: 找不到 -lpthreads
collect2: error: ld returned 1 exit status
CMakeFiles/cmTC_4534f.dir/build.make:98: recipe for target 'cmTC_4534f' failed
make[1]: *** [cmTC_4534f] Error 1
make[1]: 离开目录“/home/guojiawei/cv/cv2/cv/after/myslam/build/CMakeFiles/CMakeTmp”
Makefile:127: recipe for target 'cmTC_4534f/fast' failed
make: *** [cmTC_4534f/fast] Error 2



Performing C SOURCE FILE Test CMAKE_HAVE_LIBC_PTHREAD failed with the following output:
Change Dir: /home/guojiawei/cv/cv2/cv/after/myslam/build/CMakeFiles/CMakeTmp

Run Build Command(s):/usr/bin/ninja cmTC_56e4d && [1/2] Building C object CMakeFiles/cmTC_56e4d.dir/src.c.o
[2/2] Linking C executable cmTC_56e4d
FAILED: cmTC_56e4d 
: && /usr/bin/gcc   CMakeFiles/cmTC_56e4d.dir/src.c.o -o cmTC_56e4d   && :
CMakeFiles/cmTC_56e4d.dir/src.c.o：在函数‘main’中：
src.c:(.text+0x3e)：对‘pthread_create’未定义的引用
src.c:(.text+0x4a)：对‘pthread_detach’未定义的引用
src.c:(.text+0x56)：对‘pthread_cancel’未定义的引用
src.c:(.text+0x67)：对‘pthread_join’未定义的引用
src.c:(.text+0x7b)：对‘pthread_atfork’未定义的引用
collect2: error: ld returned 1 exit status
ninja: build stopped: subcommand failed.


Source file was:
#include <pthread.h>

static void* test_func(void* data)
{
  return data;
}

int main(void)
{
  pthread_t thread;
  pthread_create(&thread, NULL, test_func, NULL);
  pthread_detach(thread);
  pthread_cancel(thread);
  pthread_join(thread, NULL);
  pthread_atfork(NULL, NULL, NULL);
  pthread_exit(NULL);

  return 0;
}

Determining if the function pthread_create exists in the pthreads failed with the following output:
Change Dir: /home/guojiawei/cv/cv2/cv/after/myslam/build/CMakeFiles/CMakeTmp

Run Build Command(s):/usr/bin/ninja cmTC_97549 && [1/2] Building C object CMakeFiles/cmTC_97549.dir/CheckFunctionExists.c.o
[2/2] Linking C executable cmTC_97549
FAILED: cmTC_97549 
: && /usr/bin/gcc -DCHECK_FUNCTION_EXISTS=pthread_create  CMakeFiles/cmTC_97549.dir/CheckFunctionExists.c.o -o cmTC_97549  -lpthreads && :
/usr/bin/ld: 找不到 -lpthreads
collect2: error: ld returned 1 exit status
ninja: build stopped: subcommand failed.



